-Xajruntimetarget:1.5
-Xlint:ignore
-1.6
-encoding
UTF-8
-source
1.6
-target
1.6
-classpath
C:\Users\CarlosDavid\.m2\repository\org\springframework\boot\spring-boot-starter\1.4.1.RELEASE\spring-boot-starter-1.4.1.RELEASE.jar;C:\Users\CarlosDavid\.m2\repository\org\springframework\boot\spring-boot-starter-test\1.4.1.RELEASE\spring-boot-starter-test-1.4.1.RELEASE.jar;C:\Users\CarlosDavid\.m2\repository\org\springframework\boot\spring-boot-devtools\1.4.1.RELEASE\spring-boot-devtools-1.4.1.RELEASE.jar;C:\Users\CarlosDavid\.m2\repository\org\springframework\roo\org.springframework.roo.annotations\2.0.0.RELEASE\org.springframework.roo.annotations-2.0.0.RELEASE.pom;C:\Users\CarlosDavid\.m2\repository\org\aspectj\aspectjrt\1.8.9\aspectjrt-1.8.9.jar;C:\Users\CarlosDavid\.m2\repository\org\apache\commons\commons-lang3\3.4\commons-lang3-3.4.jar;C:\Users\CarlosDavid\.m2\repository\org\assertj\assertj-core\2.5.0\assertj-core-2.5.0.jar;C:\Users\CarlosDavid\.m2\repository\org\springframework\boot\spring-boot-starter-data-jpa\1.4.1.RELEASE\spring-boot-starter-data-jpa-1.4.1.RELEASE.jar;C:\Users\CarlosDavid\.m2\repository\org\springframework\boot\spring-boot-starter-jdbc\1.4.1.RELEASE\spring-boot-starter-jdbc-1.4.1.RELEASE.jar;C:\Users\CarlosDavid\.m2\repository\org\hsqldb\hsqldb\2.3.3\hsqldb-2.3.3.jar;C:\Users\CarlosDavid\.m2\repository\io\springlets\springlets-data-jpa\1.2.0.RELEASE\springlets-data-jpa-1.2.0.RELEASE.jar;C:\Users\CarlosDavid\.m2\repository\io\springlets\springlets-data-commons\1.2.0.RELEASE\springlets-data-commons-1.2.0.RELEASE.jar;C:\Users\CarlosDavid\.m2\repository\io\springlets\springlets-context\1.2.0.RELEASE\springlets-context-1.2.0.RELEASE.jar;C:\Users\CarlosDavid\.m2\repository\javax\validation\validation-api\1.1.0.Final\validation-api-1.1.0.Final.jar;C:\Users\CarlosDavid\.m2\repository\com\querydsl\querydsl-jpa\4.1.4\querydsl-jpa-4.1.4.jar;C:\Users\CarlosDavid\.m2\repository\org\springframework\roo\org.springframework.roo.querydsl.processor\2.0.0.RELEASE\org.springframework.roo.querydsl.processor-2.0.0.RELEASE.jar;C:\Users\CarlosDavid\.m2\repository\org\springframework\boot\spring-boot-starter-web\1.4.1.RELEASE\spring-boot-starter-web-1.4.1.RELEASE.jar;C:\Users\CarlosDavid\.m2\repository\joda-time\joda-time\2.9.4\joda-time-2.9.4.jar;C:\Users\CarlosDavid\.m2\repository\io\tracee\binding\tracee-springmvc\1.1.2\tracee-springmvc-1.1.2.jar;C:\Users\CarlosDavid\.m2\repository\io\springlets\springlets-boot-starter-web\1.2.0.RELEASE\springlets-boot-starter-web-1.2.0.RELEASE.jar;C:\Users\CarlosDavid\.m2\repository\org\springframework\boot\spring-boot-starter-thymeleaf\1.4.1.RELEASE\spring-boot-starter-thymeleaf-1.4.1.RELEASE.jar;C:\Users\CarlosDavid\.m2\repository\nz\net\ultraq\thymeleaf\thymeleaf-layout-dialect\2.0.0\thymeleaf-layout-dialect-2.0.0.jar;C:\Users\CarlosDavid\.m2\repository\com\github\mxab\thymeleaf\extras\thymeleaf-extras-data-attribute\2.0.1\thymeleaf-extras-data-attribute-2.0.1.jar;C:\Users\CarlosDavid\.m2\repository\ar\com\fdvs\DynamicJasper\5.0.11\DynamicJasper-5.0.11.jar;C:\Users\CarlosDavid\.m2\repository\ar\com\fdvs\DynamicJasper-core-fonts\1.0\DynamicJasper-core-fonts-1.0.jar;C:\Users\CarlosDavid\.m2\repository\org\apache\poi\poi\3.14\poi-3.14.jar;C:\Users\CarlosDavid\.m2\repository\org\springframework\spring-context-support\4.3.3.RELEASE\spring-context-support-4.3.3.RELEASE.jar;C:\Users\CarlosDavid\.m2\repository\org\webjars\webjars-locator\0.32\webjars-locator-0.32.jar;C:\Users\CarlosDavid\.m2\repository\org\webjars\bower\bootstrap\3.3.6\bootstrap-3.3.6.jar;C:\Users\CarlosDavid\.m2\repository\org\webjars\bower\datatables\1.10.12\datatables-1.10.12.jar;C:\Users\CarlosDavid\.m2\repository\org\webjars\bower\datatables.net-bs\1.10.11\datatables.net-bs-1.10.11.jar;C:\Users\CarlosDavid\.m2\repository\org\webjars\bower\datatables.net-buttons\1.1.2\datatables.net-buttons-1.1.2.jar;C:\Users\CarlosDavid\.m2\repository\org\webjars\bower\datatables.net-buttons-bs\1.1.2\datatables.net-buttons-bs-1.1.2.jar;C:\Users\CarlosDavid\.m2\repository\org\webjars\bower\datatables.net-responsive\2.0.2\datatables.net-responsive-2.0.2.jar;C:\Users\CarlosDavid\.m2\repository\org\webjars\bower\datatables.net-responsive-bs\2.0.2\datatables.net-responsive-bs-2.0.2.jar;C:\Users\CarlosDavid\.m2\repository\org\webjars\bower\datatables.net-select\1.1.2\datatables.net-select-1.1.2.jar;C:\Users\CarlosDavid\.m2\repository\org\webjars\bower\datatables.net-select-bs\1.1.2\datatables.net-select-bs-1.1.2.jar;C:\Users\CarlosDavid\.m2\repository\org\webjars\npm\jquery-datatables-checkboxes\1.1.2\jquery-datatables-checkboxes-1.1.2.jar;C:\Users\CarlosDavid\.m2\repository\org\webjars\bower\github-com-julmot-datatables-mark-js\2.0.0\github-com-julmot-datatables-mark-js-2.0.0.jar;C:\Users\CarlosDavid\.m2\repository\org\webjars\bower\datetimepicker\2.5.4\datetimepicker-2.5.4.jar;C:\Users\CarlosDavid\.m2\repository\org\webjars\bower\font-awesome\4.6.2\font-awesome-4.6.2.jar;C:\Users\CarlosDavid\.m2\repository\org\webjars\bower\jquery\1.12.3\jquery-1.12.3.jar;C:\Users\CarlosDavid\.m2\repository\org\webjars\jquery.inputmask\3.3.1\jquery.inputmask-3.3.1.jar;C:\Users\CarlosDavid\.m2\repository\org\webjars\bower\jquery-validation\1.15.0\jquery-validation-1.15.0.jar;C:\Users\CarlosDavid\.m2\repository\org\webjars\bower\momentjs\2.13.0\momentjs-2.13.0.jar;C:\Users\CarlosDavid\.m2\repository\org\webjars\bower\select2\4.0.3\select2-4.0.3.jar;C:\Users\CarlosDavid\.m2\repository\org\webjars\bower\select2-bootstrap-theme\0.1.0-beta.7\select2-bootstrap-theme-0.1.0-beta.7.jar;C:\Users\CarlosDavid\.m2\repository\org\webjars\respond\1.4.2\respond-1.4.2.jar;C:\Users\CarlosDavid\.m2\repository\org\webjars\html5shiv\3.7.3\html5shiv-3.7.3.jar;C:\Users\CarlosDavid\.m2\repository\org\webjars\bower\ie10-viewport-bug-workaround\1.0.3\ie10-viewport-bug-workaround-1.0.3.jar;C:\Users\CarlosDavid\.m2\repository\org\springframework\boot\spring-boot\1.4.1.RELEASE\spring-boot-1.4.1.RELEASE.jar;C:\Users\CarlosDavid\.m2\repository\org\springframework\boot\spring-boot-autoconfigure\1.4.1.RELEASE\spring-boot-autoconfigure-1.4.1.RELEASE.jar;C:\Users\CarlosDavid\.m2\repository\org\springframework\boot\spring-boot-starter-logging\1.4.1.RELEASE\spring-boot-starter-logging-1.4.1.RELEASE.jar;C:\Users\CarlosDavid\.m2\repository\ch\qos\logback\logback-classic\1.1.7\logback-classic-1.1.7.jar;C:\Users\CarlosDavid\.m2\repository\ch\qos\logback\logback-core\1.1.7\logback-core-1.1.7.jar;C:\Users\CarlosDavid\.m2\repository\org\slf4j\jcl-over-slf4j\1.7.21\jcl-over-slf4j-1.7.21.jar;C:\Users\CarlosDavid\.m2\repository\org\slf4j\jul-to-slf4j\1.7.21\jul-to-slf4j-1.7.21.jar;C:\Users\CarlosDavid\.m2\repository\org\slf4j\log4j-over-slf4j\1.7.21\log4j-over-slf4j-1.7.21.jar;C:\Users\CarlosDavid\.m2\repository\org\springframework\spring-core\4.3.3.RELEASE\spring-core-4.3.3.RELEASE.jar;C:\Users\CarlosDavid\.m2\repository\org\springframework\roo\org.springframework.roo.addon.configurable.annotations\2.0.0.RELEASE\org.springframework.roo.addon.configurable.annotations-2.0.0.RELEASE.jar;C:\Users\CarlosDavid\.m2\repository\org\springframework\roo\org.springframework.roo.addon.javabean.annotations\2.0.0.RELEASE\org.springframework.roo.addon.javabean.annotations-2.0.0.RELEASE.jar;C:\Users\CarlosDavid\.m2\repository\org\springframework\roo\org.springframework.roo.addon.jpa.annotations\2.0.0.RELEASE\org.springframework.roo.addon.jpa.annotations-2.0.0.RELEASE.jar;C:\Users\CarlosDavid\.m2\repository\org\springframework\roo\org.springframework.roo.addon.layers.repository.jpa.annotations\2.0.0.RELEASE\org.springframework.roo.addon.layers.repository.jpa.annotations-2.0.0.RELEASE.jar;C:\Users\CarlosDavid\.m2\repository\org\springframework\roo\org.springframework.roo.addon.layers.service.annotations\2.0.0.RELEASE\org.springframework.roo.addon.layers.service.annotations-2.0.0.RELEASE.jar;C:\Users\CarlosDavid\.m2\repository\org\springframework\roo\org.springframework.roo.addon.plural.annotations\2.0.0.RELEASE\org.springframework.roo.addon.plural.annotations-2.0.0.RELEASE.jar;C:\Users\CarlosDavid\.m2\repository\org\springframework\roo\org.springframework.roo.addon.security.annotations\2.0.0.RELEASE\org.springframework.roo.addon.security.annotations-2.0.0.RELEASE.jar;C:\Users\CarlosDavid\.m2\repository\org\springframework\roo\org.springframework.roo.addon.web.mvc.controller.annotations\2.0.0.RELEASE\org.springframework.roo.addon.web.mvc.controller.annotations-2.0.0.RELEASE.jar;C:\Users\CarlosDavid\.m2\repository\org\springframework\roo\org.springframework.roo.addon.web.mvc.exceptions.annotations\2.0.0.RELEASE\org.springframework.roo.addon.web.mvc.exceptions.annotations-2.0.0.RELEASE.jar;C:\Users\CarlosDavid\.m2\repository\org\springframework\roo\org.springframework.roo.addon.web.mvc.thymeleaf.annotations\2.0.0.RELEASE\org.springframework.roo.addon.web.mvc.thymeleaf.annotations-2.0.0.RELEASE.jar;C:\Users\CarlosDavid\.m2\repository\org\springframework\roo\org.springframework.roo.classpath\2.0.0.RELEASE\org.springframework.roo.classpath-2.0.0.RELEASE.jar;C:\Users\CarlosDavid\.m2\repository\org\apache\felix\org.apache.felix.scr.annotations\1.9.12\org.apache.felix.scr.annotations-1.9.12.jar;C:\Users\CarlosDavid\.m2\repository\org\springframework\roo\org.springframework.roo.file.monitor\2.0.0.RELEASE\org.springframework.roo.file.monitor-2.0.0.RELEASE.jar;C:\Users\CarlosDavid\.m2\repository\org\springframework\roo\org.springframework.roo.file.undo\2.0.0.RELEASE\org.springframework.roo.file.undo-2.0.0.RELEASE.jar;C:\Users\CarlosDavid\.m2\repository\org\springframework\roo\org.springframework.roo.metadata\2.0.0.RELEASE\org.springframework.roo.metadata-2.0.0.RELEASE.jar;C:\Users\CarlosDavid\.m2\repository\org\springframework\roo\org.springframework.roo.model\2.0.0.RELEASE\org.springframework.roo.model-2.0.0.RELEASE.jar;C:\Users\CarlosDavid\.m2\repository\org\springframework\roo\org.springframework.roo.process.manager\2.0.0.RELEASE\org.springframework.roo.process.manager-2.0.0.RELEASE.jar;C:\Users\CarlosDavid\.m2\repository\org\springframework\roo\org.springframework.roo.shell.osgi\2.0.0.RELEASE\org.springframework.roo.shell.osgi-2.0.0.RELEASE.jar;C:\Users\CarlosDavid\.m2\repository\org\springframework\roo\org.springframework.roo.project\2.0.0.RELEASE\org.springframework.roo.project-2.0.0.RELEASE.jar;C:\Users\CarlosDavid\.m2\repository\org\apache\felix\org.apache.felix.framework\5.4.0\org.apache.felix.framework-5.4.0.jar;C:\Users\CarlosDavid\.m2\repository\org\springframework\roo\org.springframework.roo.shell\2.0.0.RELEASE\org.springframework.roo.shell-2.0.0.RELEASE.jar;C:\Users\CarlosDavid\.m2\repository\org\springframework\roo\org.springframework.roo.support\2.0.0.RELEASE\org.springframework.roo.support-2.0.0.RELEASE.jar;C:\Users\CarlosDavid\.m2\repository\commons-io\commons-io\2.5\commons-io-2.5.jar;C:\Users\CarlosDavid\.m2\repository\org\springframework\roo\org.springframework.roo.settings\2.0.0.RELEASE\org.springframework.roo.settings-2.0.0.RELEASE.jar;C:\Users\CarlosDavid\.m2\repository\org\springframework\roo\org.springframework.roo.propfiles.manager\2.0.0.RELEASE\org.springframework.roo.propfiles.manager-2.0.0.RELEASE.jar;C:\Users\CarlosDavid\.m2\repository\org\springframework\roo\wrapping\org.springframework.roo.wrapping.inflector\0.7.0.010\org.springframework.roo.wrapping.inflector-0.7.0.010.jar;C:\Users\CarlosDavid\.m2\repository\org\springframework\roo\org.springframework.roo.addon.dto.annotations\2.0.0.RELEASE\org.springframework.roo.addon.dto.annotations-2.0.0.RELEASE.jar;C:\Users\CarlosDavid\.m2\repository\org\springframework\roo\org.springframework.roo.addon.ws.annotations\2.0.0.RELEASE\org.springframework.roo.addon.ws.annotations-2.0.0.RELEASE.jar;C:\Users\CarlosDavid\.m2\repository\org\springframework\boot\spring-boot-starter-aop\1.4.1.RELEASE\spring-boot-starter-aop-1.4.1.RELEASE.jar;C:\Users\CarlosDavid\.m2\repository\org\springframework\spring-aop\4.3.3.RELEASE\spring-aop-4.3.3.RELEASE.jar;C:\Users\CarlosDavid\.m2\repository\org\aspectj\aspectjweaver\1.8.9\aspectjweaver-1.8.9.jar;C:\Users\CarlosDavid\.m2\repository\org\hibernate\hibernate-core\5.0.11.Final\hibernate-core-5.0.11.Final.jar;C:\Users\CarlosDavid\.m2\repository\org\jboss\logging\jboss-logging\3.3.0.Final\jboss-logging-3.3.0.Final.jar;C:\Users\CarlosDavid\.m2\repository\org\hibernate\javax\persistence\hibernate-jpa-2.1-api\1.0.0.Final\hibernate-jpa-2.1-api-1.0.0.Final.jar;C:\Users\CarlosDavid\.m2\repository\org\javassist\javassist\3.20.0-GA\javassist-3.20.0-GA.jar;C:\Users\CarlosDavid\.m2\repository\antlr\antlr\2.7.7\antlr-2.7.7.jar;C:\Users\CarlosDavid\.m2\repository\org\jboss\jandex\2.0.0.Final\jandex-2.0.0.Final.jar;C:\Users\CarlosDavid\.m2\repository\dom4j\dom4j\1.6.1\dom4j-1.6.1.jar;C:\Users\CarlosDavid\.m2\repository\xml-apis\xml-apis\1.4.01\xml-apis-1.4.01.jar;C:\Users\CarlosDavid\.m2\repository\org\hibernate\common\hibernate-commons-annotations\5.0.1.Final\hibernate-commons-annotations-5.0.1.Final.jar;C:\Users\CarlosDavid\.m2\repository\org\hibernate\hibernate-entitymanager\5.0.11.Final\hibernate-entitymanager-5.0.11.Final.jar;C:\Users\CarlosDavid\.m2\repository\javax\transaction\javax.transaction-api\1.2\javax.transaction-api-1.2.jar;C:\Users\CarlosDavid\.m2\repository\org\springframework\data\spring-data-jpa\1.10.3.RELEASE\spring-data-jpa-1.10.3.RELEASE.jar;C:\Users\CarlosDavid\.m2\repository\org\springframework\data\spring-data-commons\1.12.3.RELEASE\spring-data-commons-1.12.3.RELEASE.jar;C:\Users\CarlosDavid\.m2\repository\org\springframework\spring-orm\4.3.3.RELEASE\spring-orm-4.3.3.RELEASE.jar;C:\Users\CarlosDavid\.m2\repository\org\springframework\spring-tx\4.3.3.RELEASE\spring-tx-4.3.3.RELEASE.jar;C:\Users\CarlosDavid\.m2\repository\org\springframework\spring-aspects\4.3.3.RELEASE\spring-aspects-4.3.3.RELEASE.jar;C:\Users\CarlosDavid\.m2\repository\org\apache\tomcat\tomcat-jdbc\8.5.5\tomcat-jdbc-8.5.5.jar;C:\Users\CarlosDavid\.m2\repository\org\apache\tomcat\tomcat-juli\8.5.5\tomcat-juli-8.5.5.jar;C:\Users\CarlosDavid\.m2\repository\org\springframework\spring-jdbc\4.3.3.RELEASE\spring-jdbc-4.3.3.RELEASE.jar;C:\Users\CarlosDavid\.m2\repository\commons-codec\commons-codec\1.10\commons-codec-1.10.jar;C:\Users\CarlosDavid\.m2\repository\com\querydsl\querydsl-core\4.1.4\querydsl-core-4.1.4.jar;C:\Users\CarlosDavid\.m2\repository\com\google\guava\guava\17.0\guava-17.0.jar;C:\Users\CarlosDavid\.m2\repository\com\google\code\findbugs\jsr305\3.0.1\jsr305-3.0.1.jar;C:\Users\CarlosDavid\.m2\repository\com\mysema\commons\mysema-commons-lang\0.2.4\mysema-commons-lang-0.2.4.jar;C:\Users\CarlosDavid\.m2\repository\com\infradna\tool\bridge-method-annotation\1.13\bridge-method-annotation-1.13.jar;C:\Users\CarlosDavid\.m2\repository\org\slf4j\slf4j-api\1.7.21\slf4j-api-1.7.21.jar;C:\Users\CarlosDavid\.m2\repository\org\springframework\boot\spring-boot-starter-tomcat\1.4.1.RELEASE\spring-boot-starter-tomcat-1.4.1.RELEASE.jar;C:\Users\CarlosDavid\.m2\repository\org\apache\tomcat\embed\tomcat-embed-core\8.5.5\tomcat-embed-core-8.5.5.jar;C:\Users\CarlosDavid\.m2\repository\org\apache\tomcat\embed\tomcat-embed-el\8.5.5\tomcat-embed-el-8.5.5.jar;C:\Users\CarlosDavid\.m2\repository\org\apache\tomcat\embed\tomcat-embed-websocket\8.5.5\tomcat-embed-websocket-8.5.5.jar;C:\Users\CarlosDavid\.m2\repository\org\hibernate\hibernate-validator\5.2.4.Final\hibernate-validator-5.2.4.Final.jar;C:\Users\CarlosDavid\.m2\repository\com\fasterxml\classmate\1.3.1\classmate-1.3.1.jar;C:\Users\CarlosDavid\.m2\repository\com\fasterxml\jackson\core\jackson-databind\2.8.3\jackson-databind-2.8.3.jar;C:\Users\CarlosDavid\.m2\repository\com\fasterxml\jackson\core\jackson-annotations\2.8.3\jackson-annotations-2.8.3.jar;C:\Users\CarlosDavid\.m2\repository\com\fasterxml\jackson\core\jackson-core\2.8.3\jackson-core-2.8.3.jar;C:\Users\CarlosDavid\.m2\repository\org\springframework\spring-web\4.3.3.RELEASE\spring-web-4.3.3.RELEASE.jar;C:\Users\CarlosDavid\.m2\repository\org\springframework\spring-webmvc\4.3.3.RELEASE\spring-webmvc-4.3.3.RELEASE.jar;C:\Users\CarlosDavid\.m2\repository\org\springframework\spring-expression\4.3.3.RELEASE\spring-expression-4.3.3.RELEASE.jar;C:\Users\CarlosDavid\.m2\repository\io\tracee\tracee-api\1.1.2\tracee-api-1.1.2.jar;C:\Users\CarlosDavid\.m2\repository\io\tracee\tracee-core\1.1.2\tracee-core-1.1.2.jar;C:\Users\CarlosDavid\.m2\repository\io\springlets\springlets-autoconfigure\1.2.0.RELEASE\springlets-autoconfigure-1.2.0.RELEASE.jar;C:\Users\CarlosDavid\.m2\repository\io\springlets\springlets-web\1.2.0.RELEASE\springlets-web-1.2.0.RELEASE.jar;C:\Users\CarlosDavid\.m2\repository\com\fasterxml\jackson\datatype\jackson-datatype-hibernate5\2.8.3\jackson-datatype-hibernate5-2.8.3.jar;C:\Users\CarlosDavid\.m2\repository\javax\transaction\jta\1.1\jta-1.1.jar;C:\Users\CarlosDavid\.m2\repository\org\webjars\bower\bootstrap-fileinput\4.4.0\bootstrap-fileinput-4.4.0.jar;C:\Users\CarlosDavid\.m2\repository\org\thymeleaf\thymeleaf-spring4\3.0.0.RELEASE\thymeleaf-spring4-3.0.0.RELEASE.jar;C:\Users\CarlosDavid\.m2\repository\org\codehaus\groovy\groovy\2.4.7\groovy-2.4.7.jar;C:\Users\CarlosDavid\.m2\repository\nz\net\ultraq\thymeleaf\thymeleaf-expression-processor\1.1.0\thymeleaf-expression-processor-1.1.0.jar;C:\Users\CarlosDavid\.m2\repository\org\thymeleaf\thymeleaf\3.0.0.RELEASE\thymeleaf-3.0.0.RELEASE.jar;C:\Users\CarlosDavid\.m2\repository\ognl\ognl\3.1.3\ognl-3.1.3.jar;C:\Users\CarlosDavid\.m2\repository\org\attoparser\attoparser\2.0.0.RELEASE\attoparser-2.0.0.RELEASE.jar;C:\Users\CarlosDavid\.m2\repository\org\unbescape\unbescape\1.1.3.RELEASE\unbescape-1.1.3.RELEASE.jar;C:\Users\CarlosDavid\.m2\repository\net\sf\jasperreports\jasperreports\6.3.0\jasperreports-6.3.0.jar;C:\Users\CarlosDavid\.m2\repository\commons-digester\commons-digester\2.1\commons-digester-2.1.jar;C:\Users\CarlosDavid\.m2\repository\com\lowagie\itext\2.1.7\itext-2.1.7.jar;C:\Users\CarlosDavid\.m2\repository\org\bouncycastle\bctsp-jdk14\1.38\bctsp-jdk14-1.38.jar;C:\Users\CarlosDavid\.m2\repository\org\bouncycastle\bcprov-jdk14\1.38\bcprov-jdk14-1.38.jar;C:\Users\CarlosDavid\.m2\repository\org\bouncycastle\bcmail-jdk14\1.38\bcmail-jdk14-1.38.jar;C:\Users\CarlosDavid\.m2\repository\org\jfree\jcommon\1.0.23\jcommon-1.0.23.jar;C:\Users\CarlosDavid\.m2\repository\org\jfree\jfreechart\1.0.19\jfreechart-1.0.19.jar;C:\Users\CarlosDavid\.m2\repository\org\eclipse\jdt\core\compiler\ecj\4.3.1\ecj-4.3.1.jar;C:\Users\CarlosDavid\.m2\repository\org\codehaus\castor\castor-xml\1.4.1\castor-xml-1.4.1.jar;C:\Users\CarlosDavid\.m2\repository\org\codehaus\castor\castor-core\1.4.1\castor-core-1.4.1.jar;C:\Users\CarlosDavid\.m2\repository\org\apache\commons\commons-collections4\4.1\commons-collections4-4.1.jar;C:\Users\CarlosDavid\.m2\repository\javax\inject\javax.inject\1\javax.inject-1.jar;C:\Users\CarlosDavid\.m2\repository\org\apache\lucene\lucene-core\4.5.1\lucene-core-4.5.1.jar;C:\Users\CarlosDavid\.m2\repository\org\apache\lucene\lucene-analyzers-common\4.5.1\lucene-analyzers-common-4.5.1.jar;C:\Users\CarlosDavid\.m2\repository\org\apache\lucene\lucene-queryparser\4.5.1\lucene-queryparser-4.5.1.jar;C:\Users\CarlosDavid\.m2\repository\org\apache\lucene\lucene-queries\4.5.1\lucene-queries-4.5.1.jar;C:\Users\CarlosDavid\.m2\repository\org\apache\lucene\lucene-sandbox\4.5.1\lucene-sandbox-4.5.1.jar;C:\Users\CarlosDavid\.m2\repository\jakarta-regexp\jakarta-regexp\1.4\jakarta-regexp-1.4.jar;C:\Users\CarlosDavid\.m2\repository\org\olap4j\olap4j\0.9.7.309-JS-3\olap4j-0.9.7.309-JS-3.jar;C:\Users\CarlosDavid\.m2\repository\com\google\zxing\core\2.3.0\core-2.3.0.jar;C:\Users\CarlosDavid\.m2\repository\com\ibm\icu\icu4j\57.1\icu4j-57.1.jar;C:\Users\CarlosDavid\.m2\repository\commons-collections\commons-collections\3.2.2\commons-collections-3.2.2.jar;C:\Users\CarlosDavid\.m2\repository\commons-beanutils\commons-beanutils\1.9.2\commons-beanutils-1.9.2.jar;C:\Users\CarlosDavid\.m2\repository\org\springframework\spring-beans\4.3.3.RELEASE\spring-beans-4.3.3.RELEASE.jar;C:\Users\CarlosDavid\.m2\repository\org\springframework\spring-context\4.3.3.RELEASE\spring-context-4.3.3.RELEASE.jar;C:\Users\CarlosDavid\.m2\repository\org\webjars\webjars-locator-core\0.30\webjars-locator-core-0.30.jar;C:\Users\CarlosDavid\.m2\repository\org\apache\commons\commons-compress\1.9\commons-compress-1.9.jar;C:\Users\CarlosDavid\.m2\repository\org\webjars\bower\datatables.net\1.10.19\datatables.net-1.10.19.jar;C:\Users\CarlosDavid\.m2\repository\org\webjars\bower\mark.js\8.11.1\mark.js-8.11.1.jar;C:\Users\CarlosDavid\.m2\repository\org\webjars\bower\jquery-mousewheel\3.1.13\jquery-mousewheel-3.1.13.jar;C:\Users\CarlosDavid\.m2\repository\org\webjars\bower\php-date-formatter\1.3.5\php-date-formatter-1.3.5.jar;C:\Users\CarlosDavid\Desktop\dilikeoahorasi\target\classes
-d
C:\Users\CarlosDavid\Desktop\dilikeoahorasi\target\classes
C:\Users\CarlosDavid\Desktop\dilikeoahorasi\src\main\java\com\dilikeo\config\jackson\DomainModelModule.java
C:\Users\CarlosDavid\Desktop\dilikeoahorasi\src\main\java\com\dilikeo\config\jackson\DomainModelModule_Roo_DomainModelModule.aj
C:\Users\CarlosDavid\Desktop\dilikeoahorasi\src\main\java\com\dilikeo\config\SpringDataJpaDetachableRepositoryConfiguration.java
C:\Users\CarlosDavid\Desktop\dilikeoahorasi\src\main\java\com\dilikeo\config\SpringDataJpaDetachableRepositoryConfiguration_Roo_Jpa_Repository_Configuration.aj
C:\Users\CarlosDavid\Desktop\dilikeoahorasi\src\main\java\com\dilikeo\config\WebMvcConfiguration.java
C:\Users\CarlosDavid\Desktop\dilikeoahorasi\src\main\java\com\dilikeo\config\WebMvcConfiguration_Roo_ThymeleafUIConfiguration.aj
C:\Users\CarlosDavid\Desktop\dilikeoahorasi\src\main\java\com\dilikeo\config\WebMvcConfiguration_Roo_WebMvcConfiguration.aj
C:\Users\CarlosDavid\Desktop\dilikeoahorasi\src\main\java\com\dilikeo\DilikeoApplication.java
C:\Users\CarlosDavid\Desktop\dilikeoahorasi\src\main\java\com\dilikeo\domain\Cambios.java
C:\Users\CarlosDavid\Desktop\dilikeoahorasi\src\main\java\com\dilikeo\domain\Cambios_Roo_JavaBean.aj
C:\Users\CarlosDavid\Desktop\dilikeoahorasi\src\main\java\com\dilikeo\domain\Cambios_Roo_Jpa_Entity.aj
C:\Users\CarlosDavid\Desktop\dilikeoahorasi\src\main\java\com\dilikeo\domain\Cliente.java
C:\Users\CarlosDavid\Desktop\dilikeoahorasi\src\main\java\com\dilikeo\domain\Cliente_Roo_JavaBean.aj
C:\Users\CarlosDavid\Desktop\dilikeoahorasi\src\main\java\com\dilikeo\domain\Cliente_Roo_Jpa_Entity.aj
C:\Users\CarlosDavid\Desktop\dilikeoahorasi\src\main\java\com\dilikeo\domain\DatosDomiciliario.java
C:\Users\CarlosDavid\Desktop\dilikeoahorasi\src\main\java\com\dilikeo\domain\DatosDomiciliario_Roo_JavaBean.aj
C:\Users\CarlosDavid\Desktop\dilikeoahorasi\src\main\java\com\dilikeo\domain\DatosDomiciliario_Roo_Jpa_Entity.aj
C:\Users\CarlosDavid\Desktop\dilikeoahorasi\src\main\java\com\dilikeo\domain\DatosVendedor.java
C:\Users\CarlosDavid\Desktop\dilikeoahorasi\src\main\java\com\dilikeo\domain\DatosVendedor_Roo_JavaBean.aj
C:\Users\CarlosDavid\Desktop\dilikeoahorasi\src\main\java\com\dilikeo\domain\DatosVendedor_Roo_Jpa_Entity.aj
C:\Users\CarlosDavid\Desktop\dilikeoahorasi\src\main\java\com\dilikeo\domain\Devoluciones.java
C:\Users\CarlosDavid\Desktop\dilikeoahorasi\src\main\java\com\dilikeo\domain\Devoluciones_Roo_JavaBean.aj
C:\Users\CarlosDavid\Desktop\dilikeoahorasi\src\main\java\com\dilikeo\domain\Devoluciones_Roo_Jpa_Entity.aj
C:\Users\CarlosDavid\Desktop\dilikeoahorasi\src\main\java\com\dilikeo\domain\Domiciliario.java
C:\Users\CarlosDavid\Desktop\dilikeoahorasi\src\main\java\com\dilikeo\domain\Garantia.java
C:\Users\CarlosDavid\Desktop\dilikeoahorasi\src\main\java\com\dilikeo\domain\LlegadaMercancia.java
C:\Users\CarlosDavid\Desktop\dilikeoahorasi\src\main\java\com\dilikeo\domain\LlegadaMercancia_Roo_JavaBean.aj
C:\Users\CarlosDavid\Desktop\dilikeoahorasi\src\main\java\com\dilikeo\domain\LlegadaMercancia_Roo_Jpa_Entity.aj
C:\Users\CarlosDavid\Desktop\dilikeoahorasi\src\main\java\com\dilikeo\domain\Producto.java
C:\Users\CarlosDavid\Desktop\dilikeoahorasi\src\main\java\com\dilikeo\domain\Proveedor.java
C:\Users\CarlosDavid\Desktop\dilikeoahorasi\src\main\java\com\dilikeo\domain\Vendedor.java
C:\Users\CarlosDavid\Desktop\dilikeoahorasi\src\main\java\com\dilikeo\domain\Venta.java
C:\Users\CarlosDavid\Desktop\dilikeoahorasi\src\main\java\com\dilikeo\domain\Venta_Roo_JavaBean.aj
C:\Users\CarlosDavid\Desktop\dilikeoahorasi\src\main\java\com\dilikeo\domain\Venta_Roo_Jpa_Entity.aj
C:\Users\CarlosDavid\Desktop\dilikeoahorasi\src\main\java\com\dilikeo\repository\CambiosRepository.java
C:\Users\CarlosDavid\Desktop\dilikeoahorasi\src\main\java\com\dilikeo\repository\CambiosRepositoryCustom.java
C:\Users\CarlosDavid\Desktop\dilikeoahorasi\src\main\java\com\dilikeo\repository\CambiosRepositoryCustom_Roo_Jpa_Repository_Custom.aj
C:\Users\CarlosDavid\Desktop\dilikeoahorasi\src\main\java\com\dilikeo\repository\CambiosRepositoryImpl.java
C:\Users\CarlosDavid\Desktop\dilikeoahorasi\src\main\java\com\dilikeo\repository\CambiosRepositoryImpl_Roo_Jpa_Repository_Impl.aj
C:\Users\CarlosDavid\Desktop\dilikeoahorasi\src\main\java\com\dilikeo\repository\CambiosRepository_Roo_Jpa_Repository.aj
C:\Users\CarlosDavid\Desktop\dilikeoahorasi\src\main\java\com\dilikeo\repository\ClienteRepository.java
C:\Users\CarlosDavid\Desktop\dilikeoahorasi\src\main\java\com\dilikeo\repository\ClienteRepositoryCustom.java
C:\Users\CarlosDavid\Desktop\dilikeoahorasi\src\main\java\com\dilikeo\repository\ClienteRepositoryCustom_Roo_Jpa_Repository_Custom.aj
C:\Users\CarlosDavid\Desktop\dilikeoahorasi\src\main\java\com\dilikeo\repository\ClienteRepositoryImpl.java
C:\Users\CarlosDavid\Desktop\dilikeoahorasi\src\main\java\com\dilikeo\repository\ClienteRepositoryImpl_Roo_Jpa_Repository_Impl.aj
C:\Users\CarlosDavid\Desktop\dilikeoahorasi\src\main\java\com\dilikeo\repository\ClienteRepository_Roo_Jpa_Repository.aj
C:\Users\CarlosDavid\Desktop\dilikeoahorasi\src\main\java\com\dilikeo\repository\DatosDomiciliarioRepository.java
C:\Users\CarlosDavid\Desktop\dilikeoahorasi\src\main\java\com\dilikeo\repository\DatosDomiciliarioRepositoryCustom.java
C:\Users\CarlosDavid\Desktop\dilikeoahorasi\src\main\java\com\dilikeo\repository\DatosDomiciliarioRepositoryCustom_Roo_Jpa_Repository_Custom.aj
C:\Users\CarlosDavid\Desktop\dilikeoahorasi\src\main\java\com\dilikeo\repository\DatosDomiciliarioRepositoryImpl.java
C:\Users\CarlosDavid\Desktop\dilikeoahorasi\src\main\java\com\dilikeo\repository\DatosDomiciliarioRepositoryImpl_Roo_Jpa_Repository_Impl.aj
C:\Users\CarlosDavid\Desktop\dilikeoahorasi\src\main\java\com\dilikeo\repository\DatosDomiciliarioRepository_Roo_Jpa_Repository.aj
C:\Users\CarlosDavid\Desktop\dilikeoahorasi\src\main\java\com\dilikeo\repository\DatosVendedorRepository.java
C:\Users\CarlosDavid\Desktop\dilikeoahorasi\src\main\java\com\dilikeo\repository\DatosVendedorRepositoryCustom.java
C:\Users\CarlosDavid\Desktop\dilikeoahorasi\src\main\java\com\dilikeo\repository\DatosVendedorRepositoryCustom_Roo_Jpa_Repository_Custom.aj
C:\Users\CarlosDavid\Desktop\dilikeoahorasi\src\main\java\com\dilikeo\repository\DatosVendedorRepositoryImpl.java
C:\Users\CarlosDavid\Desktop\dilikeoahorasi\src\main\java\com\dilikeo\repository\DatosVendedorRepositoryImpl_Roo_Jpa_Repository_Impl.aj
C:\Users\CarlosDavid\Desktop\dilikeoahorasi\src\main\java\com\dilikeo\repository\DatosVendedorRepository_Roo_Jpa_Repository.aj
C:\Users\CarlosDavid\Desktop\dilikeoahorasi\src\main\java\com\dilikeo\repository\DevolucionesRepository.java
C:\Users\CarlosDavid\Desktop\dilikeoahorasi\src\main\java\com\dilikeo\repository\DevolucionesRepositoryCustom.java
C:\Users\CarlosDavid\Desktop\dilikeoahorasi\src\main\java\com\dilikeo\repository\DevolucionesRepositoryCustom_Roo_Jpa_Repository_Custom.aj
C:\Users\CarlosDavid\Desktop\dilikeoahorasi\src\main\java\com\dilikeo\repository\DevolucionesRepositoryImpl.java
C:\Users\CarlosDavid\Desktop\dilikeoahorasi\src\main\java\com\dilikeo\repository\DevolucionesRepositoryImpl_Roo_Jpa_Repository_Impl.aj
C:\Users\CarlosDavid\Desktop\dilikeoahorasi\src\main\java\com\dilikeo\repository\DevolucionesRepository_Roo_Jpa_Repository.aj
C:\Users\CarlosDavid\Desktop\dilikeoahorasi\src\main\java\com\dilikeo\repository\LlegadaMercanciaRepository.java
C:\Users\CarlosDavid\Desktop\dilikeoahorasi\src\main\java\com\dilikeo\repository\LlegadaMercanciaRepositoryCustom.java
C:\Users\CarlosDavid\Desktop\dilikeoahorasi\src\main\java\com\dilikeo\repository\LlegadaMercanciaRepositoryCustom_Roo_Jpa_Repository_Custom.aj
C:\Users\CarlosDavid\Desktop\dilikeoahorasi\src\main\java\com\dilikeo\repository\LlegadaMercanciaRepositoryImpl.java
C:\Users\CarlosDavid\Desktop\dilikeoahorasi\src\main\java\com\dilikeo\repository\LlegadaMercanciaRepositoryImpl_Roo_Jpa_Repository_Impl.aj
C:\Users\CarlosDavid\Desktop\dilikeoahorasi\src\main\java\com\dilikeo\repository\LlegadaMercanciaRepository_Roo_Jpa_Repository.aj
C:\Users\CarlosDavid\Desktop\dilikeoahorasi\src\main\java\com\dilikeo\repository\VentaRepository.java
C:\Users\CarlosDavid\Desktop\dilikeoahorasi\src\main\java\com\dilikeo\repository\VentaRepositoryCustom.java
C:\Users\CarlosDavid\Desktop\dilikeoahorasi\src\main\java\com\dilikeo\repository\VentaRepositoryCustom_Roo_Jpa_Repository_Custom.aj
C:\Users\CarlosDavid\Desktop\dilikeoahorasi\src\main\java\com\dilikeo\repository\VentaRepositoryImpl.java
C:\Users\CarlosDavid\Desktop\dilikeoahorasi\src\main\java\com\dilikeo\repository\VentaRepositoryImpl_Roo_Jpa_Repository_Impl.aj
C:\Users\CarlosDavid\Desktop\dilikeoahorasi\src\main\java\com\dilikeo\repository\VentaRepository_Roo_Jpa_Repository.aj
C:\Users\CarlosDavid\Desktop\dilikeoahorasi\src\main\java\com\dilikeo\service\api\CambiosService.java
C:\Users\CarlosDavid\Desktop\dilikeoahorasi\src\main\java\com\dilikeo\service\api\CambiosService_Roo_Service.aj
C:\Users\CarlosDavid\Desktop\dilikeoahorasi\src\main\java\com\dilikeo\service\api\ClienteService.java
C:\Users\CarlosDavid\Desktop\dilikeoahorasi\src\main\java\com\dilikeo\service\api\ClienteService_Roo_Service.aj
C:\Users\CarlosDavid\Desktop\dilikeoahorasi\src\main\java\com\dilikeo\service\api\DatosDomiciliarioService.java
C:\Users\CarlosDavid\Desktop\dilikeoahorasi\src\main\java\com\dilikeo\service\api\DatosDomiciliarioService_Roo_Service.aj
C:\Users\CarlosDavid\Desktop\dilikeoahorasi\src\main\java\com\dilikeo\service\api\DatosVendedorService.java
C:\Users\CarlosDavid\Desktop\dilikeoahorasi\src\main\java\com\dilikeo\service\api\DatosVendedorService_Roo_Service.aj
C:\Users\CarlosDavid\Desktop\dilikeoahorasi\src\main\java\com\dilikeo\service\api\DevolucionesService.java
C:\Users\CarlosDavid\Desktop\dilikeoahorasi\src\main\java\com\dilikeo\service\api\DevolucionesService_Roo_Service.aj
C:\Users\CarlosDavid\Desktop\dilikeoahorasi\src\main\java\com\dilikeo\service\api\LlegadaMercanciaService.java
C:\Users\CarlosDavid\Desktop\dilikeoahorasi\src\main\java\com\dilikeo\service\api\LlegadaMercanciaService_Roo_Service.aj
C:\Users\CarlosDavid\Desktop\dilikeoahorasi\src\main\java\com\dilikeo\service\api\VentaService.java
C:\Users\CarlosDavid\Desktop\dilikeoahorasi\src\main\java\com\dilikeo\service\api\VentaService_Roo_Service.aj
C:\Users\CarlosDavid\Desktop\dilikeoahorasi\src\main\java\com\dilikeo\service\impl\CambiosServiceImpl.java
C:\Users\CarlosDavid\Desktop\dilikeoahorasi\src\main\java\com\dilikeo\service\impl\CambiosServiceImpl_Roo_Service_Impl.aj
C:\Users\CarlosDavid\Desktop\dilikeoahorasi\src\main\java\com\dilikeo\service\impl\ClienteServiceImpl.java
C:\Users\CarlosDavid\Desktop\dilikeoahorasi\src\main\java\com\dilikeo\service\impl\ClienteServiceImpl_Roo_Service_Impl.aj
C:\Users\CarlosDavid\Desktop\dilikeoahorasi\src\main\java\com\dilikeo\service\impl\DatosDomiciliarioServiceImpl.java
C:\Users\CarlosDavid\Desktop\dilikeoahorasi\src\main\java\com\dilikeo\service\impl\DatosDomiciliarioServiceImpl_Roo_Service_Impl.aj
C:\Users\CarlosDavid\Desktop\dilikeoahorasi\src\main\java\com\dilikeo\service\impl\DatosVendedorServiceImpl.java
C:\Users\CarlosDavid\Desktop\dilikeoahorasi\src\main\java\com\dilikeo\service\impl\DatosVendedorServiceImpl_Roo_Service_Impl.aj
C:\Users\CarlosDavid\Desktop\dilikeoahorasi\src\main\java\com\dilikeo\service\impl\DevolucionesServiceImpl.java
C:\Users\CarlosDavid\Desktop\dilikeoahorasi\src\main\java\com\dilikeo\service\impl\DevolucionesServiceImpl_Roo_Service_Impl.aj
C:\Users\CarlosDavid\Desktop\dilikeoahorasi\src\main\java\com\dilikeo\service\impl\LlegadaMercanciaServiceImpl.java
C:\Users\CarlosDavid\Desktop\dilikeoahorasi\src\main\java\com\dilikeo\service\impl\LlegadaMercanciaServiceImpl_Roo_Service_Impl.aj
C:\Users\CarlosDavid\Desktop\dilikeoahorasi\src\main\java\com\dilikeo\service\impl\VentaServiceImpl.java
C:\Users\CarlosDavid\Desktop\dilikeoahorasi\src\main\java\com\dilikeo\service\impl\VentaServiceImpl_Roo_Service_Impl.aj
C:\Users\CarlosDavid\Desktop\dilikeoahorasi\src\main\java\com\dilikeo\web\advices\ConcurrencyExceptionManager.java
C:\Users\CarlosDavid\Desktop\dilikeoahorasi\src\main\java\com\dilikeo\web\CambiosDeserializer.java
C:\Users\CarlosDavid\Desktop\dilikeoahorasi\src\main\java\com\dilikeo\web\CambiosDeserializer_Roo_EntityDeserializer.aj
C:\Users\CarlosDavid\Desktop\dilikeoahorasi\src\main\java\com\dilikeo\web\CambiosJsonMixin.java
C:\Users\CarlosDavid\Desktop\dilikeoahorasi\src\main\java\com\dilikeo\web\CambiossCollectionJsonController.java
C:\Users\CarlosDavid\Desktop\dilikeoahorasi\src\main\java\com\dilikeo\web\CambiossCollectionJsonController_Roo_JSON.aj
C:\Users\CarlosDavid\Desktop\dilikeoahorasi\src\main\java\com\dilikeo\web\CambiossCollectionThymeleafController.java
C:\Users\CarlosDavid\Desktop\dilikeoahorasi\src\main\java\com\dilikeo\web\CambiossCollectionThymeleafController_Roo_Thymeleaf.aj
C:\Users\CarlosDavid\Desktop\dilikeoahorasi\src\main\java\com\dilikeo\web\CambiossCollectionThymeleafLinkFactory.java
C:\Users\CarlosDavid\Desktop\dilikeoahorasi\src\main\java\com\dilikeo\web\CambiossCollectionThymeleafLinkFactory_Roo_LinkFactory.aj
C:\Users\CarlosDavid\Desktop\dilikeoahorasi\src\main\java\com\dilikeo\web\CambiossItemJsonController.java
C:\Users\CarlosDavid\Desktop\dilikeoahorasi\src\main\java\com\dilikeo\web\CambiossItemJsonController_Roo_JSON.aj
C:\Users\CarlosDavid\Desktop\dilikeoahorasi\src\main\java\com\dilikeo\web\CambiossItemThymeleafController.java
C:\Users\CarlosDavid\Desktop\dilikeoahorasi\src\main\java\com\dilikeo\web\CambiossItemThymeleafController_Roo_Thymeleaf.aj
C:\Users\CarlosDavid\Desktop\dilikeoahorasi\src\main\java\com\dilikeo\web\CambiossItemThymeleafLinkFactory.java
C:\Users\CarlosDavid\Desktop\dilikeoahorasi\src\main\java\com\dilikeo\web\CambiossItemThymeleafLinkFactory_Roo_LinkFactory.aj
C:\Users\CarlosDavid\Desktop\dilikeoahorasi\src\main\java\com\dilikeo\web\ClienteDeserializer.java
C:\Users\CarlosDavid\Desktop\dilikeoahorasi\src\main\java\com\dilikeo\web\ClienteDeserializer_Roo_EntityDeserializer.aj
C:\Users\CarlosDavid\Desktop\dilikeoahorasi\src\main\java\com\dilikeo\web\ClienteJsonMixin.java
C:\Users\CarlosDavid\Desktop\dilikeoahorasi\src\main\java\com\dilikeo\web\ClientesCollectionJsonController.java
C:\Users\CarlosDavid\Desktop\dilikeoahorasi\src\main\java\com\dilikeo\web\ClientesCollectionJsonController_Roo_JSON.aj
C:\Users\CarlosDavid\Desktop\dilikeoahorasi\src\main\java\com\dilikeo\web\ClientesCollectionThymeleafController.java
C:\Users\CarlosDavid\Desktop\dilikeoahorasi\src\main\java\com\dilikeo\web\ClientesCollectionThymeleafController_Roo_Thymeleaf.aj
C:\Users\CarlosDavid\Desktop\dilikeoahorasi\src\main\java\com\dilikeo\web\ClientesCollectionThymeleafLinkFactory.java
C:\Users\CarlosDavid\Desktop\dilikeoahorasi\src\main\java\com\dilikeo\web\ClientesCollectionThymeleafLinkFactory_Roo_LinkFactory.aj
C:\Users\CarlosDavid\Desktop\dilikeoahorasi\src\main\java\com\dilikeo\web\ClientesItemJsonController.java
C:\Users\CarlosDavid\Desktop\dilikeoahorasi\src\main\java\com\dilikeo\web\ClientesItemJsonController_Roo_JSON.aj
C:\Users\CarlosDavid\Desktop\dilikeoahorasi\src\main\java\com\dilikeo\web\ClientesItemThymeleafController.java
C:\Users\CarlosDavid\Desktop\dilikeoahorasi\src\main\java\com\dilikeo\web\ClientesItemThymeleafController_Roo_Thymeleaf.aj
C:\Users\CarlosDavid\Desktop\dilikeoahorasi\src\main\java\com\dilikeo\web\ClientesItemThymeleafLinkFactory.java
C:\Users\CarlosDavid\Desktop\dilikeoahorasi\src\main\java\com\dilikeo\web\ClientesItemThymeleafLinkFactory_Roo_LinkFactory.aj
C:\Users\CarlosDavid\Desktop\dilikeoahorasi\src\main\java\com\dilikeo\web\DatosDomiciliarioDeserializer.java
C:\Users\CarlosDavid\Desktop\dilikeoahorasi\src\main\java\com\dilikeo\web\DatosDomiciliarioDeserializer_Roo_EntityDeserializer.aj
C:\Users\CarlosDavid\Desktop\dilikeoahorasi\src\main\java\com\dilikeo\web\DatosDomiciliarioJsonMixin.java
C:\Users\CarlosDavid\Desktop\dilikeoahorasi\src\main\java\com\dilikeo\web\DatosDomiciliariosCollectionJsonController.java
C:\Users\CarlosDavid\Desktop\dilikeoahorasi\src\main\java\com\dilikeo\web\DatosDomiciliariosCollectionJsonController_Roo_JSON.aj
C:\Users\CarlosDavid\Desktop\dilikeoahorasi\src\main\java\com\dilikeo\web\DatosDomiciliariosCollectionThymeleafController.java
C:\Users\CarlosDavid\Desktop\dilikeoahorasi\src\main\java\com\dilikeo\web\DatosDomiciliariosCollectionThymeleafController_Roo_Thymeleaf.aj
C:\Users\CarlosDavid\Desktop\dilikeoahorasi\src\main\java\com\dilikeo\web\DatosDomiciliariosCollectionThymeleafLinkFactory.java
C:\Users\CarlosDavid\Desktop\dilikeoahorasi\src\main\java\com\dilikeo\web\DatosDomiciliariosCollectionThymeleafLinkFactory_Roo_LinkFactory.aj
C:\Users\CarlosDavid\Desktop\dilikeoahorasi\src\main\java\com\dilikeo\web\DatosDomiciliariosItemJsonController.java
C:\Users\CarlosDavid\Desktop\dilikeoahorasi\src\main\java\com\dilikeo\web\DatosDomiciliariosItemJsonController_Roo_JSON.aj
C:\Users\CarlosDavid\Desktop\dilikeoahorasi\src\main\java\com\dilikeo\web\DatosDomiciliariosItemThymeleafController.java
C:\Users\CarlosDavid\Desktop\dilikeoahorasi\src\main\java\com\dilikeo\web\DatosDomiciliariosItemThymeleafController_Roo_Thymeleaf.aj
C:\Users\CarlosDavid\Desktop\dilikeoahorasi\src\main\java\com\dilikeo\web\DatosDomiciliariosItemThymeleafLinkFactory.java
C:\Users\CarlosDavid\Desktop\dilikeoahorasi\src\main\java\com\dilikeo\web\DatosDomiciliariosItemThymeleafLinkFactory_Roo_LinkFactory.aj
C:\Users\CarlosDavid\Desktop\dilikeoahorasi\src\main\java\com\dilikeo\web\DatosVendedorDeserializer.java
C:\Users\CarlosDavid\Desktop\dilikeoahorasi\src\main\java\com\dilikeo\web\DatosVendedorDeserializer_Roo_EntityDeserializer.aj
C:\Users\CarlosDavid\Desktop\dilikeoahorasi\src\main\java\com\dilikeo\web\DatosVendedorJsonMixin.java
C:\Users\CarlosDavid\Desktop\dilikeoahorasi\src\main\java\com\dilikeo\web\DatosVendedorsCollectionJsonController.java
C:\Users\CarlosDavid\Desktop\dilikeoahorasi\src\main\java\com\dilikeo\web\DatosVendedorsCollectionJsonController_Roo_JSON.aj
C:\Users\CarlosDavid\Desktop\dilikeoahorasi\src\main\java\com\dilikeo\web\DatosVendedorsCollectionThymeleafController.java
C:\Users\CarlosDavid\Desktop\dilikeoahorasi\src\main\java\com\dilikeo\web\DatosVendedorsCollectionThymeleafController_Roo_Thymeleaf.aj
C:\Users\CarlosDavid\Desktop\dilikeoahorasi\src\main\java\com\dilikeo\web\DatosVendedorsCollectionThymeleafLinkFactory.java
C:\Users\CarlosDavid\Desktop\dilikeoahorasi\src\main\java\com\dilikeo\web\DatosVendedorsCollectionThymeleafLinkFactory_Roo_LinkFactory.aj
C:\Users\CarlosDavid\Desktop\dilikeoahorasi\src\main\java\com\dilikeo\web\DatosVendedorsItemJsonController.java
C:\Users\CarlosDavid\Desktop\dilikeoahorasi\src\main\java\com\dilikeo\web\DatosVendedorsItemJsonController_Roo_JSON.aj
C:\Users\CarlosDavid\Desktop\dilikeoahorasi\src\main\java\com\dilikeo\web\DatosVendedorsItemThymeleafController.java
C:\Users\CarlosDavid\Desktop\dilikeoahorasi\src\main\java\com\dilikeo\web\DatosVendedorsItemThymeleafController_Roo_Thymeleaf.aj
C:\Users\CarlosDavid\Desktop\dilikeoahorasi\src\main\java\com\dilikeo\web\DatosVendedorsItemThymeleafLinkFactory.java
C:\Users\CarlosDavid\Desktop\dilikeoahorasi\src\main\java\com\dilikeo\web\DatosVendedorsItemThymeleafLinkFactory_Roo_LinkFactory.aj
C:\Users\CarlosDavid\Desktop\dilikeoahorasi\src\main\java\com\dilikeo\web\DevolucionesDeserializer.java
C:\Users\CarlosDavid\Desktop\dilikeoahorasi\src\main\java\com\dilikeo\web\DevolucionesDeserializer_Roo_EntityDeserializer.aj
C:\Users\CarlosDavid\Desktop\dilikeoahorasi\src\main\java\com\dilikeo\web\DevolucionesesCollectionJsonController.java
C:\Users\CarlosDavid\Desktop\dilikeoahorasi\src\main\java\com\dilikeo\web\DevolucionesesCollectionJsonController_Roo_JSON.aj
C:\Users\CarlosDavid\Desktop\dilikeoahorasi\src\main\java\com\dilikeo\web\DevolucionesesCollectionThymeleafController.java
C:\Users\CarlosDavid\Desktop\dilikeoahorasi\src\main\java\com\dilikeo\web\DevolucionesesCollectionThymeleafController_Roo_Thymeleaf.aj
C:\Users\CarlosDavid\Desktop\dilikeoahorasi\src\main\java\com\dilikeo\web\DevolucionesesCollectionThymeleafLinkFactory.java
C:\Users\CarlosDavid\Desktop\dilikeoahorasi\src\main\java\com\dilikeo\web\DevolucionesesCollectionThymeleafLinkFactory_Roo_LinkFactory.aj
C:\Users\CarlosDavid\Desktop\dilikeoahorasi\src\main\java\com\dilikeo\web\DevolucionesesItemJsonController.java
C:\Users\CarlosDavid\Desktop\dilikeoahorasi\src\main\java\com\dilikeo\web\DevolucionesesItemJsonController_Roo_JSON.aj
C:\Users\CarlosDavid\Desktop\dilikeoahorasi\src\main\java\com\dilikeo\web\DevolucionesesItemThymeleafController.java
C:\Users\CarlosDavid\Desktop\dilikeoahorasi\src\main\java\com\dilikeo\web\DevolucionesesItemThymeleafController_Roo_Thymeleaf.aj
C:\Users\CarlosDavid\Desktop\dilikeoahorasi\src\main\java\com\dilikeo\web\DevolucionesesItemThymeleafLinkFactory.java
C:\Users\CarlosDavid\Desktop\dilikeoahorasi\src\main\java\com\dilikeo\web\DevolucionesesItemThymeleafLinkFactory_Roo_LinkFactory.aj
C:\Users\CarlosDavid\Desktop\dilikeoahorasi\src\main\java\com\dilikeo\web\DevolucionesJsonMixin.java
C:\Users\CarlosDavid\Desktop\dilikeoahorasi\src\main\java\com\dilikeo\web\LlegadaMercanciaDeserializer.java
C:\Users\CarlosDavid\Desktop\dilikeoahorasi\src\main\java\com\dilikeo\web\LlegadaMercanciaDeserializer_Roo_EntityDeserializer.aj
C:\Users\CarlosDavid\Desktop\dilikeoahorasi\src\main\java\com\dilikeo\web\LlegadaMercanciaJsonMixin.java
C:\Users\CarlosDavid\Desktop\dilikeoahorasi\src\main\java\com\dilikeo\web\LlegadaMercanciasCollectionJsonController.java
C:\Users\CarlosDavid\Desktop\dilikeoahorasi\src\main\java\com\dilikeo\web\LlegadaMercanciasCollectionJsonController_Roo_JSON.aj
C:\Users\CarlosDavid\Desktop\dilikeoahorasi\src\main\java\com\dilikeo\web\LlegadaMercanciasCollectionThymeleafController.java
C:\Users\CarlosDavid\Desktop\dilikeoahorasi\src\main\java\com\dilikeo\web\LlegadaMercanciasCollectionThymeleafController_Roo_Thymeleaf.aj
C:\Users\CarlosDavid\Desktop\dilikeoahorasi\src\main\java\com\dilikeo\web\LlegadaMercanciasCollectionThymeleafLinkFactory.java
C:\Users\CarlosDavid\Desktop\dilikeoahorasi\src\main\java\com\dilikeo\web\LlegadaMercanciasCollectionThymeleafLinkFactory_Roo_LinkFactory.aj
C:\Users\CarlosDavid\Desktop\dilikeoahorasi\src\main\java\com\dilikeo\web\LlegadaMercanciasItemJsonController.java
C:\Users\CarlosDavid\Desktop\dilikeoahorasi\src\main\java\com\dilikeo\web\LlegadaMercanciasItemJsonController_Roo_JSON.aj
C:\Users\CarlosDavid\Desktop\dilikeoahorasi\src\main\java\com\dilikeo\web\LlegadaMercanciasItemThymeleafController.java
C:\Users\CarlosDavid\Desktop\dilikeoahorasi\src\main\java\com\dilikeo\web\LlegadaMercanciasItemThymeleafController_Roo_Thymeleaf.aj
C:\Users\CarlosDavid\Desktop\dilikeoahorasi\src\main\java\com\dilikeo\web\LlegadaMercanciasItemThymeleafLinkFactory.java
C:\Users\CarlosDavid\Desktop\dilikeoahorasi\src\main\java\com\dilikeo\web\LlegadaMercanciasItemThymeleafLinkFactory_Roo_LinkFactory.aj
C:\Users\CarlosDavid\Desktop\dilikeoahorasi\src\main\java\com\dilikeo\web\MainController.java
C:\Users\CarlosDavid\Desktop\dilikeoahorasi\src\main\java\com\dilikeo\web\MainController_Roo_Thymeleaf_MainController.aj
C:\Users\CarlosDavid\Desktop\dilikeoahorasi\src\main\java\com\dilikeo\web\reports\ExportingErrorException.java
C:\Users\CarlosDavid\Desktop\dilikeoahorasi\src\main\java\com\dilikeo\web\reports\JasperReportsCsvExporter.java
C:\Users\CarlosDavid\Desktop\dilikeoahorasi\src\main\java\com\dilikeo\web\reports\JasperReportsExporter.java
C:\Users\CarlosDavid\Desktop\dilikeoahorasi\src\main\java\com\dilikeo\web\reports\JasperReportsPdfExporter.java
C:\Users\CarlosDavid\Desktop\dilikeoahorasi\src\main\java\com\dilikeo\web\reports\JasperReportsXlsExporter.java
C:\Users\CarlosDavid\Desktop\dilikeoahorasi\src\main\java\com\dilikeo\web\VentaDeserializer.java
C:\Users\CarlosDavid\Desktop\dilikeoahorasi\src\main\java\com\dilikeo\web\VentaDeserializer_Roo_EntityDeserializer.aj
C:\Users\CarlosDavid\Desktop\dilikeoahorasi\src\main\java\com\dilikeo\web\VentaJsonMixin.java
C:\Users\CarlosDavid\Desktop\dilikeoahorasi\src\main\java\com\dilikeo\web\VentasCollectionJsonController.java
C:\Users\CarlosDavid\Desktop\dilikeoahorasi\src\main\java\com\dilikeo\web\VentasCollectionJsonController_Roo_JSON.aj
C:\Users\CarlosDavid\Desktop\dilikeoahorasi\src\main\java\com\dilikeo\web\VentasCollectionThymeleafController.java
C:\Users\CarlosDavid\Desktop\dilikeoahorasi\src\main\java\com\dilikeo\web\VentasCollectionThymeleafController_Roo_Thymeleaf.aj
C:\Users\CarlosDavid\Desktop\dilikeoahorasi\src\main\java\com\dilikeo\web\VentasCollectionThymeleafLinkFactory.java
C:\Users\CarlosDavid\Desktop\dilikeoahorasi\src\main\java\com\dilikeo\web\VentasCollectionThymeleafLinkFactory_Roo_LinkFactory.aj
C:\Users\CarlosDavid\Desktop\dilikeoahorasi\src\main\java\com\dilikeo\web\VentasItemJsonController.java
C:\Users\CarlosDavid\Desktop\dilikeoahorasi\src\main\java\com\dilikeo\web\VentasItemJsonController_Roo_JSON.aj
C:\Users\CarlosDavid\Desktop\dilikeoahorasi\src\main\java\com\dilikeo\web\VentasItemThymeleafController.java
C:\Users\CarlosDavid\Desktop\dilikeoahorasi\src\main\java\com\dilikeo\web\VentasItemThymeleafController_Roo_Thymeleaf.aj
C:\Users\CarlosDavid\Desktop\dilikeoahorasi\src\main\java\com\dilikeo\web\VentasItemThymeleafLinkFactory.java
C:\Users\CarlosDavid\Desktop\dilikeoahorasi\src\main\java\com\dilikeo\web\VentasItemThymeleafLinkFactory_Roo_LinkFactory.aj
C:\Users\CarlosDavid\Desktop\dilikeoahorasi\target\generated-sources\java\com\dilikeo\domain\QCambios.java
C:\Users\CarlosDavid\Desktop\dilikeoahorasi\target\generated-sources\java\com\dilikeo\domain\QCliente.java
C:\Users\CarlosDavid\Desktop\dilikeoahorasi\target\generated-sources\java\com\dilikeo\domain\QDatosDomiciliario.java
C:\Users\CarlosDavid\Desktop\dilikeoahorasi\target\generated-sources\java\com\dilikeo\domain\QDatosVendedor.java
C:\Users\CarlosDavid\Desktop\dilikeoahorasi\target\generated-sources\java\com\dilikeo\domain\QDevoluciones.java
C:\Users\CarlosDavid\Desktop\dilikeoahorasi\target\generated-sources\java\com\dilikeo\domain\QLlegadaMercancia.java
C:\Users\CarlosDavid\Desktop\dilikeoahorasi\target\generated-sources\java\com\dilikeo\domain\QVenta.java
